# JRE version: OpenJDK Runtime Environment Temurin-17.0.12+7 (17.0.12+7) (build 17.0.12+7)
# Java VM: OpenJDK 64-Bit Server VM Temurin-17.0.12+7 (17.0.12+7, mixed mode, tiered, compressed oops, compressed class ptrs, parallel gc, windows-amd64)
GC Precious Log:
 CPUs: 4 total, 4 available
 Memory: 15783M
 Large Page Support: Disabled
 NUMA Support: Disabled
 Compressed Oops: Enabled (32-bit)
 Alignments: Space 512K, Generation 512K, Heap 2M
 Heap Min Capacity: 100M
 Heap Initial Capacity: 100M
 Heap Max Capacity: 1G
 Pre-touch: Disabled
 Parallel Workers: 4
Heap:
 PSYoungGen      total 42496K, used 33751K [0x00000000eab00000, 0x00000000ede80000, 0x0000000100000000)
  eden space 36352K, 77% used [0x00000000eab00000,0x00000000ec671b58,0x00000000ece80000)
  from space 6144K, 91% used [0x00000000ecf00000,0x00000000ed484228,0x00000000ed500000)
  to   space 8192K, 0% used [0x00000000ed680000,0x00000000ed680000,0x00000000ede80000)
 ParOldGen       total 330240K, used 268296K [0x00000000c0000000, 0x00000000d4280000, 0x00000000eab00000)
  object space 330240K, 81% used [0x00000000c0000000,0x00000000d0602270,0x00000000d4280000)
 Metaspace       used 86614K, committed 88064K, reserved 1179648K
  class space    used 9109K, committed 9728K, reserved 1048576K
GC Heap History (20 events):
Event: 122.856 GC heap before
{Heap before GC invocations=160 (full 14):
 PSYoungGen      total 53760K, used 50773K [0x00000000eab00000, 0x00000000ee600000, 0x0000000100000000)
  eden space 49152K, 98% used [0x00000000eab00000,0x00000000eda55f58,0x00000000edb00000)
  from space 4608K, 49% used [0x00000000edd80000,0x00000000edfbf630,0x00000000ee200000)
  to   space 3072K, 0% used [0x00000000ee300000,0x00000000ee300000,0x00000000ee600000)
 ParOldGen       total 330240K, used 248326K [0x00000000c0000000, 0x00000000d4280000, 0x00000000eab00000)
  object space 330240K, 75% used [0x00000000c0000000,0x00000000cf281a28,0x00000000d4280000)
 Metaspace       used 84013K, committed 85440K, reserved 1179648K
  class space    used 8860K, committed 9472K, reserved 1048576K
}
Event: 122.858 GC heap after
{Heap after GC invocations=160 (full 14):
 PSYoungGen      total 51200K, used 2768K [0x00000000eab00000, 0x00000000ee600000, 0x0000000100000000)
  eden space 48128K, 0% used [0x00000000eab00000,0x00000000eab00000,0x00000000eda00000)
  from space 3072K, 90% used [0x00000000ee300000,0x00000000ee5b43f0,0x00000000ee600000)
  to   space 3072K, 0% used [0x00000000ee000000,0x00000000ee000000,0x00000000ee300000)
 ParOldGen       total 330240K, used 249261K [0x00000000c0000000, 0x00000000d4280000, 0x00000000eab00000)
  object space 330240K, 75% used [0x00000000c0000000,0x00000000cf36b7f8,0x00000000d4280000)
 Metaspace       used 84013K, committed 85440K, reserved 1179648K
  class space    used 8860K, committed 9472K, reserved 1048576K
}
Event: 123.157 GC heap before
{Heap before GC invocations=161 (full 14):
 PSYoungGen      total 51200K, used 50771K [0x00000000eab00000, 0x00000000ee600000, 0x0000000100000000)
  eden space 48128K, 99% used [0x00000000eab00000,0x00000000ed9e0b08,0x00000000eda00000)
  from space 3072K, 90% used [0x00000000ee300000,0x00000000ee5b43f0,0x00000000ee600000)
  to   space 3072K, 0% used [0x00000000ee000000,0x00000000ee000000,0x00000000ee300000)
 ParOldGen       total 330240K, used 249261K [0x00000000c0000000, 0x00000000d4280000, 0x00000000eab00000)
  object space 330240K, 75% used [0x00000000c0000000,0x00000000cf36b7f8,0x00000000d4280000)
 Metaspace       used 84044K, committed 85504K, reserved 1179648K
  class space    used 8860K, committed 9472K, reserved 1048576K
}
Event: 123.160 GC heap after
{Heap after GC invocations=161 (full 14):
 PSYoungGen      total 50176K, used 3047K [0x00000000eab00000, 0x00000000ee380000, 0x0000000100000000)
  eden space 47104K, 0% used [0x00000000eab00000,0x00000000eab00000,0x00000000ed900000)
  from space 3072K, 99% used [0x00000000ee000000,0x00000000ee2f9df8,0x00000000ee300000)
  to   space 512K, 0% used [0x00000000ee300000,0x00000000ee300000,0x00000000ee380000)
 ParOldGen       total 330240K, used 249309K [0x00000000c0000000, 0x00000000d4280000, 0x00000000eab00000)
  object space 330240K, 75% used [0x00000000c0000000,0x00000000cf3777f8,0x00000000d4280000)
 Metaspace       used 84044K, committed 85504K, reserved 1179648K
  class space    used 8860K, committed 9472K, reserved 1048576K
}
Event: 125.631 GC heap before
{Heap before GC invocations=162 (full 14):
 PSYoungGen      total 50176K, used 50151K [0x00000000eab00000, 0x00000000ee380000, 0x0000000100000000)
  eden space 47104K, 100% used [0x00000000eab00000,0x00000000ed900000,0x00000000ed900000)
  from space 3072K, 99% used [0x00000000ee000000,0x00000000ee2f9df8,0x00000000ee300000)
  to   space 512K, 0% used [0x00000000ee300000,0x00000000ee300000,0x00000000ee380000)
 ParOldGen       total 330240K, used 249309K [0x00000000c0000000, 0x00000000d4280000, 0x00000000eab00000)
  object space 330240K, 75% used [0x00000000c0000000,0x00000000cf3777f8,0x00000000d4280000)
 Metaspace       used 84176K, committed 85568K, reserved 1179648K
  class space    used 8860K, committed 9472K, reserved 1048576K
}
Event: 125.636 GC heap after
{Heap after GC invocations=162 (full 14):
 PSYoungGen      total 46592K, used 505K [0x00000000eab00000, 0x00000000eea00000, 0x0000000100000000)
  eden space 46080K, 0% used [0x00000000eab00000,0x00000000eab00000,0x00000000ed800000)
  from space 512K, 98% used [0x00000000ee300000,0x00000000ee37e418,0x00000000ee380000)
  to   space 9216K, 0% used [0x00000000ed800000,0x00000000ed800000,0x00000000ee100000)
 ParOldGen       total 330240K, used 256954K [0x00000000c0000000, 0x00000000d4280000, 0x00000000eab00000)
  object space 330240K, 77% used [0x00000000c0000000,0x00000000cfaee990,0x00000000d4280000)
 Metaspace       used 84176K, committed 85568K, reserved 1179648K
  class space    used 8860K, committed 9472K, reserved 1048576K
}
Event: 131.810 GC heap before
{Heap before GC invocations=163 (full 14):
 PSYoungGen      total 46592K, used 46569K [0x00000000eab00000, 0x00000000eea00000, 0x0000000100000000)
  eden space 46080K, 99% used [0x00000000eab00000,0x00000000ed7fc280,0x00000000ed800000)
  from space 512K, 98% used [0x00000000ee300000,0x00000000ee37e418,0x00000000ee380000)
  to   space 9216K, 0% used [0x00000000ed800000,0x00000000ed800000,0x00000000ee100000)
 ParOldGen       total 330240K, used 256954K [0x00000000c0000000, 0x00000000d4280000, 0x00000000eab00000)
  object space 330240K, 77% used [0x00000000c0000000,0x00000000cfaee990,0x00000000d4280000)
 Metaspace       used 84570K, committed 85888K, reserved 1179648K
  class space    used 8894K, committed 9472K, reserved 1048576K
}
Event: 131.818 GC heap after
{Heap after GC invocations=163 (full 14):
 PSYoungGen      total 53248K, used 7882K [0x00000000eab00000, 0x00000000ee700000, 0x0000000100000000)
  eden space 45056K, 0% used [0x00000000eab00000,0x00000000eab00000,0x00000000ed700000)
  from space 8192K, 96% used [0x00000000ed800000,0x00000000edfb2878,0x00000000ee000000)
  to   space 7168K, 0% used [0x00000000ee000000,0x00000000ee000000,0x00000000ee700000)
 ParOldGen       total 330240K, used 257306K [0x00000000c0000000, 0x00000000d4280000, 0x00000000eab00000)
  object space 330240K, 77% used [0x00000000c0000000,0x00000000cfb469f0,0x00000000d4280000)
 Metaspace       used 84570K, committed 85888K, reserved 1179648K
  class space    used 8894K, committed 9472K, reserved 1048576K
}
Event: 136.934 GC heap before
{Heap before GC invocations=164 (full 14):
 PSYoungGen      total 53248K, used 52938K [0x00000000eab00000, 0x00000000ee700000, 0x0000000100000000)
  eden space 45056K, 100% used [0x00000000eab00000,0x00000000ed700000,0x00000000ed700000)
  from space 8192K, 96% used [0x00000000ed800000,0x00000000edfb2878,0x00000000ee000000)
  to   space 7168K, 0% used [0x00000000ee000000,0x00000000ee000000,0x00000000ee700000)
 ParOldGen       total 330240K, used 257306K [0x00000000c0000000, 0x00000000d4280000, 0x00000000eab00000)
  object space 330240K, 77% used [0x00000000c0000000,0x00000000cfb469f0,0x00000000d4280000)
 Metaspace       used 84687K, committed 86080K, reserved 1179648K
  class space    used 8896K, committed 9472K, reserved 1048576K
}
Event: 136.943 GC heap after
{Heap after GC invocations=164 (full 14):
 PSYoungGen      total 49664K, used 7148K [0x00000000eab00000, 0x00000000eed80000, 0x0000000100000000)
  eden space 42496K, 0% used [0x00000000eab00000,0x00000000eab00000,0x00000000ed480000)
  from space 7168K, 99% used [0x00000000ee000000,0x00000000ee6fb1a8,0x00000000ee700000)
  to   space 11776K, 0% used [0x00000000ed480000,0x00000000ed480000,0x00000000ee000000)
 ParOldGen       total 330240K, used 261256K [0x00000000c0000000, 0x00000000d4280000, 0x00000000eab00000)
  object space 330240K, 79% used [0x00000000c0000000,0x00000000cff22180,0x00000000d4280000)
 Metaspace       used 84687K, committed 86080K, reserved 1179648K
  class space    used 8896K, committed 9472K, reserved 1048576K
}
Event: 142.390 GC heap before
{Heap before GC invocations=165 (full 14):
 PSYoungGen      total 49664K, used 49644K [0x00000000eab00000, 0x00000000eed80000, 0x0000000100000000)
  eden space 42496K, 100% used [0x00000000eab00000,0x00000000ed480000,0x00000000ed480000)
  from space 7168K, 99% used [0x00000000ee000000,0x00000000ee6fb1a8,0x00000000ee700000)
  to   space 11776K, 0% used [0x00000000ed480000,0x00000000ed480000,0x00000000ee000000)
 ParOldGen       total 330240K, used 261256K [0x00000000c0000000, 0x00000000d4280000, 0x00000000eab00000)
  object space 330240K, 79% used [0x00000000c0000000,0x00000000cff22180,0x00000000d4280000)
 Metaspace       used 85696K, committed 87168K, reserved 1179648K
  class space    used 9041K, committed 9664K, reserved 1048576K
}
Event: 142.397 GC heap after
{Heap after GC invocations=165 (full 14):
 PSYoungGen      total 47616K, used 5341K [0x00000000eab00000, 0x00000000ee300000, 0x0000000100000000)
  eden space 41984K, 0% used [0x00000000eab00000,0x00000000eab00000,0x00000000ed400000)
  from space 5632K, 94% used [0x00000000ed480000,0x00000000ed9b7400,0x00000000eda00000)
  to   space 7680K, 0% used [0x00000000edb80000,0x00000000edb80000,0x00000000ee300000)
 ParOldGen       total 330240K, used 261434K [0x00000000c0000000, 0x00000000d4280000, 0x00000000eab00000)
  object space 330240K, 79% used [0x00000000c0000000,0x00000000cff4eaa0,0x00000000d4280000)
 Metaspace       used 85696K, committed 87168K, reserved 1179648K
  class space    used 9041K, committed 9664K, reserved 1048576K
}
Event: 145.048 GC heap before
{Heap before GC invocations=166 (full 14):
 PSYoungGen      total 47616K, used 47325K [0x00000000eab00000, 0x00000000ee300000, 0x0000000100000000)
  eden space 41984K, 100% used [0x00000000eab00000,0x00000000ed400000,0x00000000ed400000)
  from space 5632K, 94% used [0x00000000ed480000,0x00000000ed9b7400,0x00000000eda00000)
  to   space 7680K, 0% used [0x00000000edb80000,0x00000000edb80000,0x00000000ee300000)
 ParOldGen       total 330240K, used 261434K [0x00000000c0000000, 0x00000000d4280000, 0x00000000eab00000)
  object space 330240K, 79% used [0x00000000c0000000,0x00000000cff4eaa0,0x00000000d4280000)
 Metaspace       used 85735K, committed 87168K, reserved 1179648K
  class space    used 9042K, committed 9664K, reserved 1048576K
}
Event: 145.052 GC heap after
{Heap after GC invocations=166 (full 14):
 PSYoungGen      total 47616K, used 6089K [0x00000000eab00000, 0x00000000ee180000, 0x0000000100000000)
  eden space 41472K, 0% used [0x00000000eab00000,0x00000000eab00000,0x00000000ed380000)
  from space 6144K, 99% used [0x00000000edb80000,0x00000000ee1726e0,0x00000000ee180000)
  to   space 6656K, 0% used [0x00000000ed480000,0x00000000ed480000,0x00000000edb00000)
 ParOldGen       total 330240K, used 261442K [0x00000000c0000000, 0x00000000d4280000, 0x00000000eab00000)
  object space 330240K, 79% used [0x00000000c0000000,0x00000000cff50aa0,0x00000000d4280000)
 Metaspace       used 85735K, committed 87168K, reserved 1179648K
  class space    used 9042K, committed 9664K, reserved 1048576K
}
Event: 151.204 GC heap before
{Heap before GC invocations=167 (full 14):
 PSYoungGen      total 47616K, used 47561K [0x00000000eab00000, 0x00000000ee180000, 0x0000000100000000)
  eden space 41472K, 100% used [0x00000000eab00000,0x00000000ed380000,0x00000000ed380000)
  from space 6144K, 99% used [0x00000000edb80000,0x00000000ee1726e0,0x00000000ee180000)
  to   space 6656K, 0% used [0x00000000ed480000,0x00000000ed480000,0x00000000edb00000)
 ParOldGen       total 330240K, used 261442K [0x00000000c0000000, 0x00000000d4280000, 0x00000000eab00000)
  object space 330240K, 79% used [0x00000000c0000000,0x00000000cff50aa0,0x00000000d4280000)
 Metaspace       used 85817K, committed 87296K, reserved 1179648K
  class space    used 9042K, committed 9664K, reserved 1048576K
}
Event: 151.212 GC heap after
{Heap after GC invocations=167 (full 14):
 PSYoungGen      total 47616K, used 6649K [0x00000000eab00000, 0x00000000ee300000, 0x0000000100000000)
  eden space 40960K, 0% used [0x00000000eab00000,0x00000000eab00000,0x00000000ed300000)
  from space 6656K, 99% used [0x00000000ed480000,0x00000000edafe6d0,0x00000000edb00000)
  to   space 8192K, 0% used [0x00000000edb00000,0x00000000edb00000,0x00000000ee300000)
 ParOldGen       total 330240K, used 262302K [0x00000000c0000000, 0x00000000d4280000, 0x00000000eab00000)
  object space 330240K, 79% used [0x00000000c0000000,0x00000000d0027ab0,0x00000000d4280000)
 Metaspace       used 85817K, committed 87296K, reserved 1179648K
  class space    used 9042K, committed 9664K, reserved 1048576K
}
Event: 154.331 GC heap before
{Heap before GC invocations=168 (full 14):
 PSYoungGen      total 47616K, used 47609K [0x00000000eab00000, 0x00000000ee300000, 0x0000000100000000)
  eden space 40960K, 100% used [0x00000000eab00000,0x00000000ed300000,0x00000000ed300000)
  from space 6656K, 99% used [0x00000000ed480000,0x00000000edafe6d0,0x00000000edb00000)
  to   space 8192K, 0% used [0x00000000edb00000,0x00000000edb00000,0x00000000ee300000)
 ParOldGen       total 330240K, used 262302K [0x00000000c0000000, 0x00000000d4280000, 0x00000000eab00000)
  object space 330240K, 79% used [0x00000000c0000000,0x00000000d0027ab0,0x00000000d4280000)
 Metaspace       used 86330K, committed 87872K, reserved 1179648K
  class space    used 9096K, committed 9728K, reserved 1048576K
}
Event: 154.341 GC heap after
{Heap after GC invocations=168 (full 14):
 PSYoungGen      total 45056K, used 8160K [0x00000000eab00000, 0x00000000eea80000, 0x0000000100000000)
  eden space 36864K, 0% used [0x00000000eab00000,0x00000000eab00000,0x00000000ecf00000)
  from space 8192K, 99% used [0x00000000edb00000,0x00000000ee2f8228,0x00000000ee300000)
  to   space 12288K, 0% used [0x00000000ecf00000,0x00000000ecf00000,0x00000000edb00000)
 ParOldGen       total 330240K, used 265576K [0x00000000c0000000, 0x00000000d4280000, 0x00000000eab00000)
  object space 330240K, 80% used [0x00000000c0000000,0x00000000d035a270,0x00000000d4280000)
 Metaspace       used 86330K, committed 87872K, reserved 1179648K
  class space    used 9096K, committed 9728K, reserved 1048576K
}
Event: 158.314 GC heap before
{Heap before GC invocations=169 (full 14):
 PSYoungGen      total 45056K, used 45024K [0x00000000eab00000, 0x00000000eea80000, 0x0000000100000000)
  eden space 36864K, 100% used [0x00000000eab00000,0x00000000ecf00000,0x00000000ecf00000)
  from space 8192K, 99% used [0x00000000edb00000,0x00000000ee2f8228,0x00000000ee300000)
  to   space 12288K, 0% used [0x00000000ecf00000,0x00000000ecf00000,0x00000000edb00000)
 ParOldGen       total 330240K, used 265576K [0x00000000c0000000, 0x00000000d4280000, 0x00000000eab00000)
  object space 330240K, 80% used [0x00000000c0000000,0x00000000d035a270,0x00000000d4280000)
 Metaspace       used 86448K, committed 87936K, reserved 1179648K
  class space    used 9096K, committed 9728K, reserved 1048576K
}
Event: 158.324 GC heap after
{Heap after GC invocations=169 (full 14):
 PSYoungGen      total 42496K, used 5648K [0x00000000eab00000, 0x00000000ede80000, 0x0000000100000000)
  eden space 36352K, 0% used [0x00000000eab00000,0x00000000eab00000,0x00000000ece80000)
  from space 6144K, 91% used [0x00000000ecf00000,0x00000000ed484228,0x00000000ed500000)
  to   space 8192K, 0% used [0x00000000ed680000,0x00000000ed680000,0x00000000ede80000)
 ParOldGen       total 330240K, used 268296K [0x00000000c0000000, 0x00000000d4280000, 0x00000000eab00000)
  object space 330240K, 81% used [0x00000000c0000000,0x00000000d0602270,0x00000000d4280000)
 Metaspace       used 86448K, committed 87936K, reserved 1179648K
  class space    used 9096K, committed 9728K, reserved 1048576K
}

